[2026-06-14 15:02:34] 
[2026-06-14 15:02:34] ==================================================
[2026-06-14 15:02:34]        NAUKRI APPLY DISCOVERY - POC-3A           
[2026-06-14 15:02:34] ==================================================
[2026-06-14 15:02:34] 
[2026-06-14 15:02:34] [32m2026-06-14 15:02:34.340[0m | [1mINFO    [0m | [36m__main__[0m:[36mrun[0m:[36m87[0m - [1mLoading configuration...[0m
[2026-06-14 15:02:34] [32m2026-06-14 15:02:34.345[0m | [34m[1mDEBUG   [0m | [36mapp.utils.config_loader[0m:[36m_load_yaml[0m:[36m42[0m - [34m[1mLoaded config: settings.yaml[0m
[2026-06-14 15:02:34] [32m2026-06-14 15:02:34.356[0m | [34m[1mDEBUG   [0m | [36mapp.utils.config_loader[0m:[36m_load_yaml[0m:[36m42[0m - [34m[1mLoaded config: selectors.yaml[0m
[2026-06-14 15:02:34] [32m15:02:34[0m | [1mINFO    [0m | [36mDatabase Path: C:\Extra-stuffs\Naukri-Automation\database\jobs.db[0m
[2026-06-14 15:02:34] [32m15:02:34[0m | [1mINFO    [0m | [36mDiscovery limit: 10 job(s) per run[0m
[2026-06-14 15:02:34] [32m15:02:34[0m | [1mINFO    [0m | [36mSeeding question bank from candidate answer registry...[0m
[2026-06-14 15:02:34] [32m15:02:34[0m | [1mINFO    [0m | [36mQuestion bank seeded: 49 entries upserted.[0m
[2026-06-14 15:02:34] [32m15:02:34[0m | [1mINFO    [0m | [36mQuestion bank seed complete: 49 entries.[0m
[2026-06-14 15:02:35] 
[2026-06-14 15:02:35] ==================================================
[2026-06-14 15:02:35]        NAUKRI APPLY DISCOVERY - POC-3A           
[2026-06-14 15:02:35] ==================================================
[2026-06-14 15:02:35] 
[2026-06-14 15:02:35] [32m2026-06-14 15:02:34.337[0m | [1mINFO    [0m | [36m__main__[0m:[36mrun[0m:[36m87[0m - [1mLoading configuration...[0m
[2026-06-14 15:02:35] [32m2026-06-14 15:02:34.345[0m | [34m[1mDEBUG   [0m | [36mapp.utils.config_loader[0m:[36m_load_yaml[0m:[36m42[0m - [34m[1mLoaded config: settings.yaml[0m
[2026-06-14 15:02:35] [32m2026-06-14 15:02:34.354[0m | [34m[1mDEBUG   [0m | [36mapp.utils.config_loader[0m:[36m_load_yaml[0m:[36m42[0m - [34m[1mLoaded config: selectors.yaml[0m
[2026-06-14 15:02:35] [32m15:02:34[0m | [1mINFO    [0m | [36mDatabase Path: C:\Extra-stuffs\Naukri-Automation\database\jobs.db[0m
[2026-06-14 15:02:35] [32m15:02:34[0m | [1mINFO    [0m | [36mDiscovery limit: 10 job(s) per run[0m
[2026-06-14 15:02:35] [32m15:02:34[0m | [1mINFO    [0m | [36mSeeding question bank from candidate answer registry...[0m
[2026-06-14 15:02:35] [32m15:02:34[0m | [1mINFO    [0m | [36mQuestion bank seeded: 49 entries upserted.[0m
[2026-06-14 15:02:35] [32m15:02:34[0m | [1mINFO    [0m | [36mQuestion bank seed complete: 49 entries.[0m
[2026-06-14 15:02:35] [32m15:02:34[0m | [1mINFO    [0m | [36mLaunching browser with profile: C:\Extra-stuffs\Naukri-Automation\browser_profile[0m
